#
# There is insufficient memory for the Java Runtime Environment to continue.
# Native memory allocation (malloc) failed to allocate 461216 bytes for Chunk::new
# Possible reasons:
#   The system is out of physical RAM or swap space
#   The process is running with CompressedOops enabled, and the Java Heap may be blocking the growth of the native heap
# Possible solutions:
#   Reduce memory load on the system
#   Increase physical memory or swap space
#   Check if swap backing store is full
#   Decrease Java heap size (-Xmx/-Xms)
#   Decrease number of Java threads
#   Decrease Java thread stack sizes (-Xss)
#   Set larger code cache with -XX:ReservedCodeCacheSize=
#   JVM is running with Unscaled Compressed Oops mode in which the Java heap is
#     placed in the first 4GB address space. The Java Heap base address is the
#     maximum limit for the native heap growth. Please use -XX:HeapBaseMinAddress
#     to set the Java Heap base and to place the Java Heap above 4GB virtual address.
# This output file may be truncated or incomplete.
#
#  Out of Memory Error (t:/workspace/open/src/hotspot/share/memory/arena.cpp:197), pid=24244, tid=20288
#
# JRE version: Java(TM) SE Runtime Environment (12.0.2+10) (build 12.0.2+10)
# Java VM: Java HotSpot(TM) 64-Bit Server VM (12.0.2+10, mixed mode, sharing, tiered, compressed oops, g1 gc, windows-amd64)
# No core dump will be written. Minidumps are not enabled by default on client versions of Windows
#

---------------  S U M M A R Y ------------

Command Line: -Dfile.encoding=Cp1252 main.main

Host: Intel(R) Core(TM) i5-7500 CPU @ 3.40GHz, 4 cores, 7G,  Windows 10 , 64 bit Build 18362 (10.0.18362.1110)
Time: Mon Dec 21 13:41:14 2020 Romance Standard Time elapsed time: 0 seconds (0d 0h 0m 0s)

---------------  T H R E A D  ---------------

Current thread (0x0000020f25c80800):  JavaThread "C2 CompilerThread0" daemon [_thread_in_native, id=20288, stack(0x0000001333000000,0x0000001333100000)]


Current CompileTask:
C2:    470  614       4       jdk.internal.org.objectweb.asm.Frame::execute (2305 bytes)

Stack: [0x0000001333000000,0x0000001333100000]
Native frames: (J=compiled Java code, j=interpreted, Vv=VM code, C=native code)
V  [jvm.dll+0x63aa2a]
V  [jvm.dll+0x78ce1e]
V  [jvm.dll+0x78e4c1]
V  [jvm.dll+0x78eb13]
V  [jvm.dll+0x2627e8]
V  [jvm.dll+0xc55cc]
V  [jvm.dll+0xc5b4c]
V  [jvm.dll+0x2d4034]
V  [jvm.dll+0x5569ad]
V  [jvm.dll+0x21dc55]
V  [jvm.dll+0x21b2b6]
V  [jvm.dll+0x199a20]
V  [jvm.dll+0x22a744]
V  [jvm.dll+0x228d98]
V  [jvm.dll+0x7512a0]
V  [jvm.dll+0x74a2c8]
V  [jvm.dll+0x639b16]
C  [ucrtbase.dll+0x210b2]
C  [KERNEL32.DLL+0x17c24]
C  [ntdll.dll+0x6d4d1]


---------------  P R O C E S S  ---------------

Threads class SMR info:
_java_thread_list=0x0000020f26f46220, length=14, elements={
0x0000020f077d6800, 0x0000020f25c60000, 0x0000020f25c63800, 0x0000020f25c7c800,
0x0000020f25c7f800, 0x0000020f25c80800, 0x0000020f265f3000, 0x0000020f265f3800,
0x0000020f266cd000, 0x0000020f266e1000, 0x0000020f26938000, 0x0000020f2693b800,
0x0000020f26944800, 0x0000020f26f56000
}

Java Threads: ( => current thread )
  0x0000020f077d6800 JavaThread "main" [_thread_in_vm, id=12316, stack(0x0000001332500000,0x0000001332600000)]
  0x0000020f25c60000 JavaThread "Reference Handler" daemon [_thread_blocked, id=23556, stack(0x0000001332c00000,0x0000001332d00000)]
  0x0000020f25c63800 JavaThread "Finalizer" daemon [_thread_blocked, id=13564, stack(0x0000001332d00000,0x0000001332e00000)]
  0x0000020f25c7c800 JavaThread "Signal Dispatcher" daemon [_thread_blocked, id=25312, stack(0x0000001332e00000,0x0000001332f00000)]
  0x0000020f25c7f800 JavaThread "Attach Listener" daemon [_thread_blocked, id=3920, stack(0x0000001332f00000,0x0000001333000000)]
=>0x0000020f25c80800 JavaThread "C2 CompilerThread0" daemon [_thread_in_native, id=20288, stack(0x0000001333000000,0x0000001333100000)]
  0x0000020f265f3000 JavaThread "C1 CompilerThread0" daemon [_thread_in_native, id=23564, stack(0x0000001333100000,0x0000001333200000)]
  0x0000020f265f3800 JavaThread "Sweeper thread" daemon [_thread_blocked, id=24652, stack(0x0000001333200000,0x0000001333300000)]
  0x0000020f266cd000 JavaThread "Service Thread" daemon [_thread_blocked, id=24888, stack(0x0000001333300000,0x0000001333400000)]
  0x0000020f266e1000 JavaThread "Common-Cleaner" daemon [_thread_blocked, id=3432, stack(0x0000001333500000,0x0000001333600000)]
  0x0000020f26938000 JavaThread "Java2D Disposer" daemon [_thread_blocked, id=24608, stack(0x0000001333600000,0x0000001333700000)]
  0x0000020f2693b800 JavaThread "AWT-Shutdown" [_thread_blocked, id=24812, stack(0x0000001333700000,0x0000001333800000)]
  0x0000020f26944800 JavaThread "AWT-Windows" daemon [_thread_in_native, id=24616, stack(0x0000001333800000,0x0000001333900000)]
  0x0000020f26f56000 JavaThread "AWT-EventQueue-0" [_thread_in_native, id=25344, stack(0x0000001333b00000,0x0000001333c00000)]

Other Threads:
  0x0000020f25c55000 VMThread "VM Thread" [stack: 0x0000001332b00000,0x0000001332c00000] [id=23916]
  0x0000020f266dc000 WatcherThread [stack: 0x0000001333400000,0x0000001333500000] [id=24620]
  0x0000020f07816000 GCTaskThread "GC Thread#0" [stack: 0x0000001332600000,0x0000001332700000] [id=19492]
  0x0000020f07824800 ConcurrentGCThread "G1 Main Marker" [stack: 0x0000001332700000,0x0000001332800000] [id=19888]
  0x0000020f07827000 ConcurrentGCThread "G1 Conc#0" [stack: 0x0000001332800000,0x0000001332900000] [id=23712]
  0x0000020f078a7800 ConcurrentGCThread "G1 Refine#0" [stack: 0x0000001332900000,0x0000001332a00000] [id=23996]
  0x0000020f25ae0800 ConcurrentGCThread "G1 Young RemSet Sampling" [stack: 0x0000001332a00000,0x0000001332b00000] [id=22852]

Threads with active compile tasks:
C2 CompilerThread0   614       4       jdk.internal.org.objectweb.asm.Frame::execute (2305 bytes)
C1 CompilerThread0   665       3       jdk.internal.org.objectweb.asm.Type::getArgumentTypes (140 bytes)

VM state:not at safepoint (normal execution)

VM Mutex/Monitor currently owned by a thread: None

Heap address: 0x0000000080800000, size: 2040 MB, Compressed Oops mode: 32-bit
Narrow klass base: 0x0000000800000000, Narrow klass shift: 3
Compressed class space size: 1073741824 Address: 0x0000000801190000

Heap:
 garbage-first heap   total 131072K, used 14336K [0x0000000080800000, 0x0000000100000000)
  region size 1024K, 7 young (7168K), 0 survivors (0K)
 Metaspace       used 6247K, capacity 6624K, committed 6912K, reserved 1056768K
  class space    used 725K, capacity 899K, committed 1024K, reserved 1048576K
Heap Regions: E=young(eden), S=young(survivor), O=old, HS=humongous(starts), HC=humongous(continues), CS=collection set, F=free, A=archive, TAMS=top-at-mark-start (previous, next)
|   0|0x0000000080800000, 0x0000000080900000, 0x0000000080900000|100%|HS|  |TAMS 0x0000000080800000, 0x0000000080800000| Complete 
|   1|0x0000000080900000, 0x0000000080a00000, 0x0000000080a00000|100%|HC|  |TAMS 0x0000000080900000, 0x0000000080900000| Complete 
|   2|0x0000000080a00000, 0x0000000080b00000, 0x0000000080b00000|100%|HC|  |TAMS 0x0000000080a00000, 0x0000000080a00000| Complete 
|   3|0x0000000080b00000, 0x0000000080c00000, 0x0000000080c00000|100%|HC|  |TAMS 0x0000000080b00000, 0x0000000080b00000| Complete 
|   4|0x0000000080c00000, 0x0000000080d00000, 0x0000000080d00000|100%|HC|  |TAMS 0x0000000080c00000, 0x0000000080c00000| Complete 
|   5|0x0000000080d00000, 0x0000000080e00000, 0x0000000080e00000|100%|HC|  |TAMS 0x0000000080d00000, 0x0000000080d00000| Complete 
|   6|0x0000000080e00000, 0x0000000080f00000, 0x0000000080f00000|100%|HC|  |TAMS 0x0000000080e00000, 0x0000000080e00000| Complete 
|   7|0x0000000080f00000, 0x0000000081000000, 0x0000000081000000|100%|HC|  |TAMS 0x0000000080f00000, 0x0000000080f00000| Complete 
|   8|0x0000000081000000, 0x0000000081000000, 0x0000000081100000|  0%| F|  |TAMS 0x0000000081000000, 0x0000000081000000| Untracked 
|   9|0x0000000081100000, 0x0000000081100000, 0x0000000081200000|  0%| F|  |TAMS 0x0000000081100000, 0x0000000081100000| Untracked 
|  10|0x0000000081200000, 0x0000000081200000, 0x0000000081300000|  0%| F|  |TAMS 0x0000000081200000, 0x0000000081200000| Untracked 
|  11|0x0000000081300000, 0x0000000081300000, 0x0000000081400000|  0%| F|  |TAMS 0x0000000081300000, 0x0000000081300000| Untracked 
|  12|0x0000000081400000, 0x0000000081400000, 0x0000000081500000|  0%| F|  |TAMS 0x0000000081400000, 0x0000000081400000| Untracked 
|  13|0x0000000081500000, 0x0000000081500000, 0x0000000081600000|  0%| F|  |TAMS 0x0000000081500000, 0x0000000081500000| Untracked 
|  14|0x0000000081600000, 0x0000000081600000, 0x0000000081700000|  0%| F|  |TAMS 0x0000000081600000, 0x0000000081600000| Untracked 
|  15|0x0000000081700000, 0x0000000081700000, 0x0000000081800000|  0%| F|  |TAMS 0x0000000081700000, 0x0000000081700000| Untracked 
|  16|0x0000000081800000, 0x0000000081800000, 0x0000000081900000|  0%| F|  |TAMS 0x0000000081800000, 0x0000000081800000| Untracked 
|  17|0x0000000081900000, 0x0000000081900000, 0x0000000081a00000|  0%| F|  |TAMS 0x0000000081900000, 0x0000000081900000| Untracked 
|  18|0x0000000081a00000, 0x0000000081a00000, 0x0000000081b00000|  0%| F|  |TAMS 0x0000000081a00000, 0x0000000081a00000| Untracked 
|  19|0x0000000081b00000, 0x0000000081b00000, 0x0000000081c00000|  0%| F|  |TAMS 0x0000000081b00000, 0x0000000081b00000| Untracked 
|  20|0x0000000081c00000, 0x0000000081c00000, 0x0000000081d00000|  0%| F|  |TAMS 0x0000000081c00000, 0x0000000081c00000| Untracked 
|  21|0x0000000081d00000, 0x0000000081d00000, 0x0000000081e00000|  0%| F|  |TAMS 0x0000000081d00000, 0x0000000081d00000| Untracked 
|  22|0x0000000081e00000, 0x0000000081e00000, 0x0000000081f00000|  0%| F|  |TAMS 0x0000000081e00000, 0x0000000081e00000| Untracked 
|  23|0x0000000081f00000, 0x0000000081f00000, 0x0000000082000000|  0%| F|  |TAMS 0x0000000081f00000, 0x0000000081f00000| Untracked 
|  24|0x0000000082000000, 0x0000000082000000, 0x0000000082100000|  0%| F|  |TAMS 0x0000000082000000, 0x0000000082000000| Untracked 
|  25|0x0000000082100000, 0x0000000082100000, 0x0000000082200000|  0%| F|  |TAMS 0x0000000082100000, 0x0000000082100000| Untracked 
|  26|0x0000000082200000, 0x0000000082200000, 0x0000000082300000|  0%| F|  |TAMS 0x0000000082200000, 0x0000000082200000| Untracked 
|  27|0x0000000082300000, 0x0000000082300000, 0x0000000082400000|  0%| F|  |TAMS 0x0000000082300000, 0x0000000082300000| Untracked 
|  28|0x0000000082400000, 0x0000000082400000, 0x0000000082500000|  0%| F|  |TAMS 0x0000000082400000, 0x0000000082400000| Untracked 
|  29|0x0000000082500000, 0x0000000082500000, 0x0000000082600000|  0%| F|  |TAMS 0x0000000082500000, 0x0000000082500000| Untracked 
|  30|0x0000000082600000, 0x0000000082600000, 0x0000000082700000|  0%| F|  |TAMS 0x0000000082600000, 0x0000000082600000| Untracked 
|  31|0x0000000082700000, 0x0000000082700000, 0x0000000082800000|  0%| F|  |TAMS 0x0000000082700000, 0x0000000082700000| Untracked 
|  32|0x0000000082800000, 0x0000000082800000, 0x0000000082900000|  0%| F|  |TAMS 0x0000000082800000, 0x0000000082800000| Untracked 
|  33|0x0000000082900000, 0x0000000082900000, 0x0000000082a00000|  0%| F|  |TAMS 0x0000000082900000, 0x0000000082900000| Untracked 
|  34|0x0000000082a00000, 0x0000000082a00000, 0x0000000082b00000|  0%| F|  |TAMS 0x0000000082a00000, 0x0000000082a00000| Untracked 
|  35|0x0000000082b00000, 0x0000000082b00000, 0x0000000082c00000|  0%| F|  |TAMS 0x0000000082b00000, 0x0000000082b00000| Untracked 
|  36|0x0000000082c00000, 0x0000000082c00000, 0x0000000082d00000|  0%| F|  |TAMS 0x0000000082c00000, 0x0000000082c00000| Untracked 
|  37|0x0000000082d00000, 0x0000000082d00000, 0x0000000082e00000|  0%| F|  |TAMS 0x0000000082d00000, 0x0000000082d00000| Untracked 
|  38|0x0000000082e00000, 0x0000000082e00000, 0x0000000082f00000|  0%| F|  |TAMS 0x0000000082e00000, 0x0000000082e00000| Untracked 
|  39|0x0000000082f00000, 0x0000000082f00000, 0x0000000083000000|  0%| F|  |TAMS 0x0000000082f00000, 0x0000000082f00000| Untracked 
|  40|0x0000000083000000, 0x0000000083000000, 0x0000000083100000|  0%| F|  |TAMS 0x0000000083000000, 0x0000000083000000| Untracked 
|  41|0x0000000083100000, 0x0000000083100000, 0x0000000083200000|  0%| F|  |TAMS 0x0000000083100000, 0x0000000083100000| Untracked 
|  42|0x0000000083200000, 0x0000000083200000, 0x0000000083300000|  0%| F|  |TAMS 0x0000000083200000, 0x0000000083200000| Untracked 
|  43|0x0000000083300000, 0x0000000083300000, 0x0000000083400000|  0%| F|  |TAMS 0x0000000083300000, 0x0000000083300000| Untracked 
|  44|0x0000000083400000, 0x0000000083400000, 0x0000000083500000|  0%| F|  |TAMS 0x0000000083400000, 0x0000000083400000| Untracked 
|  45|0x0000000083500000, 0x0000000083500000, 0x0000000083600000|  0%| F|  |TAMS 0x0000000083500000, 0x0000000083500000| Untracked 
|  46|0x0000000083600000, 0x0000000083600000, 0x0000000083700000|  0%| F|  |TAMS 0x0000000083600000, 0x0000000083600000| Untracked 
|  47|0x0000000083700000, 0x0000000083700000, 0x0000000083800000|  0%| F|  |TAMS 0x0000000083700000, 0x0000000083700000| Untracked 
|  48|0x0000000083800000, 0x0000000083800000, 0x0000000083900000|  0%| F|  |TAMS 0x0000000083800000, 0x0000000083800000| Untracked 
|  49|0x0000000083900000, 0x0000000083900000, 0x0000000083a00000|  0%| F|  |TAMS 0x0000000083900000, 0x0000000083900000| Untracked 
|  50|0x0000000083a00000, 0x0000000083a00000, 0x0000000083b00000|  0%| F|  |TAMS 0x0000000083a00000, 0x0000000083a00000| Untracked 
|  51|0x0000000083b00000, 0x0000000083b00000, 0x0000000083c00000|  0%| F|  |TAMS 0x0000000083b00000, 0x0000000083b00000| Untracked 
|  52|0x0000000083c00000, 0x0000000083c00000, 0x0000000083d00000|  0%| F|  |TAMS 0x0000000083c00000, 0x0000000083c00000| Untracked 
|  53|0x0000000083d00000, 0x0000000083d00000, 0x0000000083e00000|  0%| F|  |TAMS 0x0000000083d00000, 0x0000000083d00000| Untracked 
|  54|0x0000000083e00000, 0x0000000083e00000, 0x0000000083f00000|  0%| F|  |TAMS 0x0000000083e00000, 0x0000000083e00000| Untracked 
|  55|0x0000000083f00000, 0x0000000083f00000, 0x0000000084000000|  0%| F|  |TAMS 0x0000000083f00000, 0x0000000083f00000| Untracked 
|  56|0x0000000084000000, 0x0000000084000000, 0x0000000084100000|  0%| F|  |TAMS 0x0000000084000000, 0x0000000084000000| Untracked 
|  57|0x0000000084100000, 0x0000000084100000, 0x0000000084200000|  0%| F|  |TAMS 0x0000000084100000, 0x0000000084100000| Untracked 
|  58|0x0000000084200000, 0x0000000084200000, 0x0000000084300000|  0%| F|  |TAMS 0x0000000084200000, 0x0000000084200000| Untracked 
|  59|0x0000000084300000, 0x0000000084300000, 0x0000000084400000|  0%| F|  |TAMS 0x0000000084300000, 0x0000000084300000| Untracked 
|  60|0x0000000084400000, 0x0000000084400000, 0x0000000084500000|  0%| F|  |TAMS 0x0000000084400000, 0x0000000084400000| Untracked 
|  61|0x0000000084500000, 0x0000000084500000, 0x0000000084600000|  0%| F|  |TAMS 0x0000000084500000, 0x0000000084500000| Untracked 
|  62|0x0000000084600000, 0x0000000084600000, 0x0000000084700000|  0%| F|  |TAMS 0x0000000084600000, 0x0000000084600000| Untracked 
|  63|0x0000000084700000, 0x0000000084700000, 0x0000000084800000|  0%| F|  |TAMS 0x0000000084700000, 0x0000000084700000| Untracked 
|  64|0x0000000084800000, 0x0000000084800000, 0x0000000084900000|  0%| F|  |TAMS 0x0000000084800000, 0x0000000084800000| Untracked 
|  65|0x0000000084900000, 0x0000000084900000, 0x0000000084a00000|  0%| F|  |TAMS 0x0000000084900000, 0x0000000084900000| Untracked 
|  66|0x0000000084a00000, 0x0000000084a00000, 0x0000000084b00000|  0%| F|  |TAMS 0x0000000084a00000, 0x0000000084a00000| Untracked 
|  67|0x0000000084b00000, 0x0000000084b00000, 0x0000000084c00000|  0%| F|  |TAMS 0x0000000084b00000, 0x0000000084b00000| Untracked 
|  68|0x0000000084c00000, 0x0000000084c00000, 0x0000000084d00000|  0%| F|  |TAMS 0x0000000084c00000, 0x0000000084c00000| Untracked 
|  69|0x0000000084d00000, 0x0000000084d00000, 0x0000000084e00000|  0%| F|  |TAMS 0x0000000084d00000, 0x0000000084d00000| Untracked 
|  70|0x0000000084e00000, 0x0000000084e00000, 0x0000000084f00000|  0%| F|  |TAMS 0x0000000084e00000, 0x0000000084e00000| Untracked 
|  71|0x0000000084f00000, 0x0000000084f00000, 0x0000000085000000|  0%| F|  |TAMS 0x0000000084f00000, 0x0000000084f00000| Untracked 
|  72|0x0000000085000000, 0x0000000085000000, 0x0000000085100000|  0%| F|  |TAMS 0x0000000085000000, 0x0000000085000000| Untracked 
|  73|0x0000000085100000, 0x0000000085100000, 0x0000000085200000|  0%| F|  |TAMS 0x0000000085100000, 0x0000000085100000| Untracked 
|  74|0x0000000085200000, 0x0000000085200000, 0x0000000085300000|  0%| F|  |TAMS 0x0000000085200000, 0x0000000085200000| Untracked 
|  75|0x0000000085300000, 0x0000000085300000, 0x0000000085400000|  0%| F|  |TAMS 0x0000000085300000, 0x0000000085300000| Untracked 
|  76|0x0000000085400000, 0x0000000085400000, 0x0000000085500000|  0%| F|  |TAMS 0x0000000085400000, 0x0000000085400000| Untracked 
|  77|0x0000000085500000, 0x0000000085500000, 0x0000000085600000|  0%| F|  |TAMS 0x0000000085500000, 0x0000000085500000| Untracked 
|  78|0x0000000085600000, 0x0000000085600000, 0x0000000085700000|  0%| F|  |TAMS 0x0000000085600000, 0x0000000085600000| Untracked 
|  79|0x0000000085700000, 0x0000000085700000, 0x0000000085800000|  0%| F|  |TAMS 0x0000000085700000, 0x0000000085700000| Untracked 
|  80|0x0000000085800000, 0x0000000085800000, 0x0000000085900000|  0%| F|  |TAMS 0x0000000085800000, 0x0000000085800000| Untracked 
|  81|0x0000000085900000, 0x0000000085900000, 0x0000000085a00000|  0%| F|  |TAMS 0x0000000085900000, 0x0000000085900000| Untracked 
|  82|0x0000000085a00000, 0x0000000085a00000, 0x0000000085b00000|  0%| F|  |TAMS 0x0000000085a00000, 0x0000000085a00000| Untracked 
|  83|0x0000000085b00000, 0x0000000085b00000, 0x0000000085c00000|  0%| F|  |TAMS 0x0000000085b00000, 0x0000000085b00000| Untracked 
|  84|0x0000000085c00000, 0x0000000085c00000, 0x0000000085d00000|  0%| F|  |TAMS 0x0000000085c00000, 0x0000000085c00000| Untracked 
|  85|0x0000000085d00000, 0x0000000085d00000, 0x0000000085e00000|  0%| F|  |TAMS 0x0000000085d00000, 0x0000000085d00000| Untracked 
|  86|0x0000000085e00000, 0x0000000085e00000, 0x0000000085f00000|  0%| F|  |TAMS 0x0000000085e00000, 0x0000000085e00000| Untracked 
|  87|0x0000000085f00000, 0x0000000085f00000, 0x0000000086000000|  0%| F|  |TAMS 0x0000000085f00000, 0x0000000085f00000| Untracked 
|  88|0x0000000086000000, 0x0000000086000000, 0x0000000086100000|  0%| F|  |TAMS 0x0000000086000000, 0x0000000086000000| Untracked 
|  89|0x0000000086100000, 0x0000000086100000, 0x0000000086200000|  0%| F|  |TAMS 0x0000000086100000, 0x0000000086100000| Untracked 
|  90|0x0000000086200000, 0x0000000086200000, 0x0000000086300000|  0%| F|  |TAMS 0x0000000086200000, 0x0000000086200000| Untracked 
|  91|0x0000000086300000, 0x0000000086300000, 0x0000000086400000|  0%| F|  |TAMS 0x0000000086300000, 0x0000000086300000| Untracked 
|  92|0x0000000086400000, 0x0000000086400000, 0x0000000086500000|  0%| F|  |TAMS 0x0000000086400000, 0x0000000086400000| Untracked 
|  93|0x0000000086500000, 0x0000000086500000, 0x0000000086600000|  0%| F|  |TAMS 0x0000000086500000, 0x0000000086500000| Untracked 
|  94|0x0000000086600000, 0x0000000086600000, 0x0000000086700000|  0%| F|  |TAMS 0x0000000086600000, 0x0000000086600000| Untracked 
|  95|0x0000000086700000, 0x0000000086700000, 0x0000000086800000|  0%| F|  |TAMS 0x0000000086700000, 0x0000000086700000| Untracked 
|  96|0x0000000086800000, 0x0000000086800000, 0x0000000086900000|  0%| F|  |TAMS 0x0000000086800000, 0x0000000086800000| Untracked 
|  97|0x0000000086900000, 0x0000000086900000, 0x0000000086a00000|  0%| F|  |TAMS 0x0000000086900000, 0x0000000086900000| Untracked 
|  98|0x0000000086a00000, 0x0000000086a00000, 0x0000000086b00000|  0%| F|  |TAMS 0x0000000086a00000, 0x0000000086a00000| Untracked 
|  99|0x0000000086b00000, 0x0000000086b00000, 0x0000000086c00000|  0%| F|  |TAMS 0x0000000086b00000, 0x0000000086b00000| Untracked 
| 100|0x0000000086c00000, 0x0000000086c00000, 0x0000000086d00000|  0%| F|  |TAMS 0x0000000086c00000, 0x0000000086c00000| Untracked 
| 101|0x0000000086d00000, 0x0000000086d00000, 0x0000000086e00000|  0%| F|  |TAMS 0x0000000086d00000, 0x0000000086d00000| Untracked 
| 102|0x0000000086e00000, 0x0000000086e00000, 0x0000000086f00000|  0%| F|  |TAMS 0x0000000086e00000, 0x0000000086e00000| Untracked 
| 103|0x0000000086f00000, 0x0000000086f00000, 0x0000000087000000|  0%| F|  |TAMS 0x0000000086f00000, 0x0000000086f00000| Untracked 
| 104|0x0000000087000000, 0x0000000087000000, 0x0000000087100000|  0%| F|  |TAMS 0x0000000087000000, 0x0000000087000000| Untracked 
| 105|0x0000000087100000, 0x0000000087100000, 0x0000000087200000|  0%| F|  |TAMS 0x0000000087100000, 0x0000000087100000| Untracked 
| 106|0x0000000087200000, 0x0000000087200000, 0x0000000087300000|  0%| F|  |TAMS 0x0000000087200000, 0x0000000087200000| Untracked 
| 107|0x0000000087300000, 0x0000000087300000, 0x0000000087400000|  0%| F|  |TAMS 0x0000000087300000, 0x0000000087300000| Untracked 
| 108|0x0000000087400000, 0x0000000087400000, 0x0000000087500000|  0%| F|  |TAMS 0x0000000087400000, 0x0000000087400000| Untracked 
| 109|0x0000000087500000, 0x0000000087500000, 0x0000000087600000|  0%| F|  |TAMS 0x0000000087500000, 0x0000000087500000| Untracked 
| 110|0x0000000087600000, 0x0000000087600000, 0x0000000087700000|  0%| F|  |TAMS 0x0000000087600000, 0x0000000087600000| Untracked 
| 111|0x0000000087700000, 0x0000000087700000, 0x0000000087800000|  0%| F|  |TAMS 0x0000000087700000, 0x0000000087700000| Untracked 
| 112|0x0000000087800000, 0x0000000087800000, 0x0000000087900000|  0%| F|  |TAMS 0x0000000087800000, 0x0000000087800000| Untracked 
| 113|0x0000000087900000, 0x0000000087900000, 0x0000000087a00000|  0%| F|  |TAMS 0x0000000087900000, 0x0000000087900000| Untracked 
| 114|0x0000000087a00000, 0x0000000087a00000, 0x0000000087b00000|  0%| F|  |TAMS 0x0000000087a00000, 0x0000000087a00000| Untracked 
| 115|0x0000000087b00000, 0x0000000087b00000, 0x0000000087c00000|  0%| F|  |TAMS 0x0000000087b00000, 0x0000000087b00000| Untracked 
| 116|0x0000000087c00000, 0x0000000087c00000, 0x0000000087d00000|  0%| F|  |TAMS 0x0000000087c00000, 0x0000000087c00000| Untracked 
| 117|0x0000000087d00000, 0x0000000087d00000, 0x0000000087e00000|  0%| F|  |TAMS 0x0000000087d00000, 0x0000000087d00000| Untracked 
| 118|0x0000000087e00000, 0x0000000087e00000, 0x0000000087f00000|  0%| F|  |TAMS 0x0000000087e00000, 0x0000000087e00000| Untracked 
| 119|0x0000000087f00000, 0x0000000087f00000, 0x0000000088000000|  0%| F|  |TAMS 0x0000000087f00000, 0x0000000087f00000| Untracked 
| 120|0x0000000088000000, 0x0000000088000000, 0x0000000088100000|  0%| F|  |TAMS 0x0000000088000000, 0x0000000088000000| Untracked 
| 121|0x0000000088100000, 0x0000000088190028, 0x0000000088200000| 56%| E|  |TAMS 0x0000000088100000, 0x0000000088100000| Complete 
| 122|0x0000000088200000, 0x0000000088300000, 0x0000000088300000|100%| E|CS|TAMS 0x0000000088200000, 0x0000000088200000| Complete 
| 123|0x0000000088300000, 0x0000000088400000, 0x0000000088400000|100%| E|CS|TAMS 0x0000000088300000, 0x0000000088300000| Complete 
| 124|0x0000000088400000, 0x0000000088500000, 0x0000000088500000|100%| E|CS|TAMS 0x0000000088400000, 0x0000000088400000| Complete 
| 125|0x0000000088500000, 0x0000000088600000, 0x0000000088600000|100%| E|CS|TAMS 0x0000000088500000, 0x0000000088500000| Complete 
| 126|0x0000000088600000, 0x0000000088700000, 0x0000000088700000|100%| E|CS|TAMS 0x0000000088600000, 0x0000000088600000| Complete 
| 127|0x0000000088700000, 0x0000000088800000, 0x0000000088800000|100%| E|CS|TAMS 0x0000000088700000, 0x0000000088700000| Complete 

Card table byte_map: [0x0000020f1efe0000,0x0000020f1f3e0000] _byte_map_base: 0x0000020f1ebdc000

Marking Bits (Prev, Next): (CMBitMap*) 0x0000020f07816b48, (CMBitMap*) 0x0000020f07816b88
 Prev Bits: [0x0000020f1f7e0000, 0x0000020f217c0000)
 Next Bits: [0x0000020f217c0000, 0x0000020f237a0000)

Polling page: 0x0000020f06fb0000

Metaspace:

Usage:
  Non-class:      5.59 MB capacity,     5.39 MB ( 96%) used,   173.77 KB (  3%) free+waste,    29.50 KB ( <1%) overhead. 
      Class:    899.00 KB capacity,   725.80 KB ( 81%) used,   154.82 KB ( 17%) free+waste,    18.38 KB (  2%) overhead. 
       Both:      6.47 MB capacity,     6.10 MB ( 94%) used,   328.59 KB (  5%) free+waste,    47.88 KB ( <1%) overhead. 

Virtual space:
  Non-class space:        8.00 MB reserved,       5.75 MB ( 72%) committed 
      Class space:        1.00 GB reserved,       1.00 MB ( <1%) committed 
             Both:        1.01 GB reserved,       6.75 MB ( <1%) committed 

Chunk freelists:
   Non-Class:  4.38 KB
       Class:  0 bytes
        Both:  4.38 KB

CodeHeap 'non-profiled nmethods': size=120064Kb used=171Kb max_used=171Kb free=119892Kb
 bounds [0x0000020f176a0000, 0x0000020f17910000, 0x0000020f1ebe0000]
CodeHeap 'profiled nmethods': size=120000Kb used=1104Kb max_used=1104Kb free=118895Kb
 bounds [0x0000020f10170000, 0x0000020f103e0000, 0x0000020f176a0000]
CodeHeap 'non-nmethods': size=5696Kb used=1194Kb max_used=1194Kb free=4502Kb
 bounds [0x0000020f0fbe0000, 0x0000020f0fe50000, 0x0000020f10170000]
 total_blobs=1293 nmethods=661 adapters=449
 compilation: enabled
              stopped_count=0, restarted_count=0
 full_count=0

Compilation events (10 events):
Event: 0.467 Thread 0x0000020f265f3000  656       1       java.beans.PropertyChangeEvent::getPropertyName (5 bytes)
Event: 0.467 Thread 0x0000020f265f3000 nmethod 656 0x0000020f176ca290 code [0x0000020f176ca440, 0x0000020f176ca578]
Event: 0.467 Thread 0x0000020f265f3000  657   !   3       java.lang.invoke.LambdaForm::compileToBytecode (162 bytes)
Event: 0.469 Thread 0x0000020f265f3000 nmethod 657 0x0000020f10280c10 code [0x0000020f10280f80, 0x0000020f10281f50]
Event: 0.469 Thread 0x0000020f265f3000  658       3       sun.util.locale.LocaleUtils::isUpper (18 bytes)
Event: 0.469 Thread 0x0000020f265f3000 nmethod 658 0x0000020f10282990 code [0x0000020f10282b40, 0x0000020f10282d18]
Event: 0.469 Thread 0x0000020f265f3000  659       3       java.lang.invoke.LambdaFormBuffer::replaceName (124 bytes)
Event: 0.469 Thread 0x0000020f265f3000 nmethod 659 0x0000020f10282d90 code [0x0000020f10282f60, 0x0000020f10283190]
Event: 0.469 Thread 0x0000020f265f3000  660       3       java.lang.invoke.BoundMethodHandle::speciesDataFor (32 bytes)
Event: 0.470 Thread 0x0000020f265f3000 nmethod 660 0x0000020f10283290 code [0x0000020f10283460, 0x0000020f10283858]

GC Heap History (0 events):
No events

Deoptimization events (2 events):
Event: 0.078 Thread 0x0000020f077d6800 Uncommon trap: reason=unstable_if action=reinterpret pc=0x0000020f176a4438 method=java.lang.String.hashCode()I @ 14 c2
Event: 0.140 Thread 0x0000020f077d6800 Uncommon trap: reason=range_check action=reinterpret pc=0x0000020f176b2328 method=java.lang.StringLatin1.indexOf([BII)I @ 13 c2

Classes redefined (0 events):
No events

Internal exceptions (10 events):
Event: 0.358 Thread 0x0000020f077d6800 Exception <a 'java/lang/NoSuchMethodError'{0x000000008847cbb0}: java.lang.invoke.DirectMethodHandle$Holder.invokeStatic(Ljava/lang/Object;ILjava/lang/Object;)Ljava/lang/Object;> (0x000000008847cbb0) thrown at [t:/workspace/open/src/hotspot/share/interpret
Event: 0.373 Thread 0x0000020f077d6800 Exception <a 'java/lang/ClassNotFoundException'{0x0000000088320eb0}: com/sun/swing/internal/plaf/metal/resources/spi/metalProvider> (0x0000000088320eb0) thrown at [t:/workspace/open/src/hotspot/share/classfile/systemDictionary.cpp, line 235]
Event: 0.373 Thread 0x0000020f077d6800 Exception <a 'java/lang/ClassNotFoundException'{0x0000000088325368}: com/sun/swing/internal/plaf/basic/resources/spi/basicProvider> (0x0000000088325368) thrown at [t:/workspace/open/src/hotspot/share/classfile/systemDictionary.cpp, line 235]
Event: 0.400 Thread 0x0000020f077d6800 Exception <a 'java/lang/NoSuchMethodError'{0x0000000088372578}: java.lang.invoke.DirectMethodHandle$Holder.invokeStaticInit(Ljava/lang/Object;)V> (0x0000000088372578) thrown at [t:/workspace/open/src/hotspot/share/interpreter/linkResolver.cpp, line 777]
Event: 0.427 Thread 0x0000020f077d6800 Exception <a 'java/lang/NoSuchMethodError'{0x0000000088228e60}: java.lang.invoke.Invokers$Holder.linkToTargetMethod(Ljava/lang/Object;ILjava/lang/Object;)Ljava/lang/Object;> (0x0000000088228e60) thrown at [t:/workspace/open/src/hotspot/share/interpreter/l
Event: 0.457 Thread 0x0000020f077d6800 Exception <a 'java/lang/NoSuchMethodError'{0x000000008828ee18}: java.lang.invoke.DirectMethodHandle$Holder.invokeStatic(Ljava/lang/Object;Ljava/lang/Object;Ljava/lang/Object;Ljava/lang/Object;Ljava/lang/Object;Ljava/lang/Object;Ljava/lang/Object;Ljava/lan
Event: 0.458 Thread 0x0000020f077d6800 Exception <a 'java/lang/NoSuchMethodError'{0x000000008829b378}: java.lang.invoke.DirectMethodHandle$Holder.invokeStatic(Ljava/lang/Object;Ljava/lang/Object;Ljava/lang/Object;Ljava/lang/Object;Ljava/lang/Object;Ljava/lang/Object;Ljava/lang/Object;Ljava/lan
Event: 0.459 Thread 0x0000020f077d6800 Exception <a 'java/lang/NoSuchMethodError'{0x00000000882aad70}: java.lang.invoke.DelegatingMethodHandle$Holder.reinvoke_L(Ljava/lang/Object;Ljava/lang/Object;JLjava/lang/Object;IIIILjava/lang/Object;Ljava/lang/Object;Ljava/lang/Object;)Ljava/lang/Object;>
Event: 0.463 Thread 0x0000020f077d6800 Exception <a 'java/lang/NoSuchMethodError'{0x00000000882e01b0}: java.lang.invoke.DelegatingMethodHandle$Holder.reinvoke_L(Ljava/lang/Object;Ljava/lang/Object;IIIILjava/lang/Object;Ljava/lang/Object;Ljava/lang/Object;)Ljava/lang/Object;> (0x00000000882e01b
Event: 0.467 Thread 0x0000020f077d6800 Exception <a 'java/lang/NoSuchMethodError'{0x0000000088125308}: java.lang.invoke.DelegatingMethodHandle$Holder.reinvoke_L(Ljava/lang/Object;Ljava/lang/Object;JLjava/lang/Object;Ljava/lang/Object;Ljava/lang/Object;Ljava/lang/Object;ILjava/lang/Object;Ljava

Events (10 events):
Event: 0.468 loading class java/awt/im/spi/InputMethodContext done
Event: 0.468 loading class sun/awt/im/InputContext
Event: 0.468 loading class sun/awt/im/InputContext done
Event: 0.468 loading class sun/awt/im/InputMethodContext done
Event: 0.468 loading class sun/awt/windows/WInputMethod
Event: 0.468 loading class sun/awt/im/InputMethodAdapter
Event: 0.468 loading class java/awt/im/spi/InputMethod
Event: 0.468 loading class java/awt/im/spi/InputMethod done
Event: 0.468 loading class sun/awt/im/InputMethodAdapter done
Event: 0.468 loading class sun/awt/windows/WInputMethod done


Dynamic libraries:
0x00007ff7204d0000 - 0x00007ff7204df000 	C:\Program Files\Java\jdk-12.0.2\bin\javaw.exe
0x00007ffa8d4c0000 - 0x00007ffa8d6b0000 	C:\WINDOWS\SYSTEM32\ntdll.dll
0x00007ffa8d2b0000 - 0x00007ffa8d362000 	C:\WINDOWS\System32\KERNEL32.DLL
0x00007ffa8a430000 - 0x00007ffa8a6d5000 	C:\WINDOWS\System32\KERNELBASE.dll
0x00007ffa8b3d0000 - 0x00007ffa8b4ca000 	C:\WINDOWS\System32\ucrtbase.dll
0x00007ffa68750000 - 0x00007ffa68768000 	C:\Program Files\Java\jdk-12.0.2\bin\jli.dll
0x00007ffa8d370000 - 0x00007ffa8d413000 	C:\WINDOWS\System32\ADVAPI32.dll
0x00007ffa8c770000 - 0x00007ffa8c80e000 	C:\WINDOWS\System32\msvcrt.dll
0x00007ffa8b570000 - 0x00007ffa8b607000 	C:\WINDOWS\System32\sechost.dll
0x00007ffa8cbd0000 - 0x00007ffa8ccf0000 	C:\WINDOWS\System32\RPCRT4.dll
0x00007ffa8baf0000 - 0x00007ffa8bc84000 	C:\WINDOWS\System32\USER32.dll
0x00007ffa8a950000 - 0x00007ffa8a971000 	C:\WINDOWS\System32\win32u.dll
0x00007ffa8cb10000 - 0x00007ffa8cb36000 	C:\WINDOWS\System32\GDI32.dll
0x00007ffa8aa10000 - 0x00007ffa8aba6000 	C:\WINDOWS\System32\gdi32full.dll
0x00007ffa8b4d0000 - 0x00007ffa8b56e000 	C:\WINDOWS\System32\msvcp_win.dll
0x00007ffa673a0000 - 0x00007ffa673b6000 	C:\Program Files\Java\jdk-12.0.2\bin\VCRUNTIME140.dll
0x00007ffa7c9b0000 - 0x00007ffa7cc34000 	C:\WINDOWS\WinSxS\amd64_microsoft.windows.common-controls_6595b64144ccf1df_6.0.18362.1256_none_9e7e379be45e40e2\COMCTL32.dll
0x00007ffa8b7b0000 - 0x00007ffa8bae6000 	C:\WINDOWS\System32\combase.dll
0x00007ffa8a980000 - 0x00007ffa8aa01000 	C:\WINDOWS\System32\bcryptPrimitives.dll
0x00007ffa83030000 - 0x00007ffa8303a000 	C:\WINDOWS\SYSTEM32\VERSION.dll
0x00007ffa8c030000 - 0x00007ffa8c05e000 	C:\WINDOWS\System32\IMM32.DLL
0x00007ffa581f0000 - 0x00007ffa5829a000 	C:\Program Files\Java\jdk-12.0.2\bin\msvcp140.dll
0x00007ffa21da0000 - 0x00007ffa22917000 	C:\Program Files\Java\jdk-12.0.2\bin\server\jvm.dll
0x00007ffa8cb40000 - 0x00007ffa8cb48000 	C:\WINDOWS\System32\PSAPI.DLL
0x00007ffa86f80000 - 0x00007ffa86f89000 	C:\WINDOWS\SYSTEM32\WSOCK32.dll
0x00007ffa8cb60000 - 0x00007ffa8cbcf000 	C:\WINDOWS\System32\WS2_32.dll
0x00007ffa86ea0000 - 0x00007ffa86ec4000 	C:\WINDOWS\SYSTEM32\WINMM.dll
0x00007ffa86e70000 - 0x00007ffa86e9d000 	C:\WINDOWS\SYSTEM32\WINMMBASE.dll
0x00007ffa8a700000 - 0x00007ffa8a74a000 	C:\WINDOWS\System32\cfgmgr32.dll
0x00007ffa8a3c0000 - 0x00007ffa8a3d1000 	C:\WINDOWS\System32\kernel.appcore.dll
0x00007ffa7f720000 - 0x00007ffa7f731000 	C:\Program Files\Java\jdk-12.0.2\bin\verify.dll
0x00007ffa83d30000 - 0x00007ffa83f24000 	C:\WINDOWS\SYSTEM32\DBGHELP.DLL
0x00007ffa6fc50000 - 0x00007ffa6fc7a000 	C:\WINDOWS\SYSTEM32\dbgcore.DLL
0x00007ffa7f680000 - 0x00007ffa7f6a6000 	C:\Program Files\Java\jdk-12.0.2\bin\java.dll
0x00007ffa7f700000 - 0x00007ffa7f717000 	C:\Program Files\Java\jdk-12.0.2\bin\zip.dll
0x00007ffa82e80000 - 0x00007ffa82e8a000 	C:\Program Files\Java\jdk-12.0.2\bin\jimage.dll
0x00007ffa8c060000 - 0x00007ffa8c747000 	C:\WINDOWS\System32\SHELL32.dll
0x00007ffa8bf80000 - 0x00007ffa8c029000 	C:\WINDOWS\System32\shcore.dll
0x00007ffa8abb0000 - 0x00007ffa8b331000 	C:\WINDOWS\System32\windows.storage.dll
0x00007ffa8a3e0000 - 0x00007ffa8a403000 	C:\WINDOWS\System32\profapi.dll
0x00007ffa8a370000 - 0x00007ffa8a3ba000 	C:\WINDOWS\System32\powrprof.dll
0x00007ffa8a360000 - 0x00007ffa8a370000 	C:\WINDOWS\System32\UMPDC.dll
0x00007ffa8be50000 - 0x00007ffa8bea2000 	C:\WINDOWS\System32\shlwapi.dll
0x00007ffa8a6e0000 - 0x00007ffa8a6f7000 	C:\WINDOWS\System32\cryptsp.dll
0x00007ffa39cd0000 - 0x00007ffa39e6f000 	C:\Program Files\Java\jdk-12.0.2\bin\awt.dll
0x00007ffa8beb0000 - 0x00007ffa8bf75000 	C:\WINDOWS\System32\OLEAUT32.dll
0x00007ffa870e0000 - 0x00007ffa876a0000 	C:\WINDOWS\SYSTEM32\d2d1.dll
0x00007ffa884c0000 - 0x00007ffa8854f000 	C:\WINDOWS\SYSTEM32\apphelp.dll
0x00007ffa88ad0000 - 0x00007ffa88afd000 	C:\WINDOWS\system32\DWMAPI.DLL
0x00007ffa88600000 - 0x00007ffa88699000 	C:\WINDOWS\system32\uxtheme.dll
0x00007ffa39e70000 - 0x00007ffa39fc6000 	C:\WINDOWS\system32\opengl32.dll
0x00007ffa4a9e0000 - 0x00007ffa4aa0c000 	C:\WINDOWS\SYSTEM32\GLU32.dll
0x00007ffa88fa0000 - 0x00007ffa88fc0000 	C:\WINDOWS\SYSTEM32\dxcore.dll
0x00007ffa8c810000 - 0x00007ffa8c945000 	C:\WINDOWS\System32\MSCTF.dll
0x00007ffa8c9b0000 - 0x00007ffa8cb07000 	C:\WINDOWS\System32\ole32.dll
0x00007ffa381a0000 - 0x00007ffa38367000 	C:\WINDOWS\system32\d3d9.dll
0x00007ffa81940000 - 0x00007ffa81b1b000 	C:\WINDOWS\System32\DriverStore\FileRepository\u0357168.inf_amd64_74ad8cf0ece664a3\B357146\aticfx64.dll
0x00007ffa58180000 - 0x00007ffa581b3000 	C:\WINDOWS\System32\DriverStore\FileRepository\u0357168.inf_amd64_74ad8cf0ece664a3\B357146\atiu9p64.dll
0x00007ffa2fba0000 - 0x00007ffa30878000 	C:\WINDOWS\System32\DriverStore\FileRepository\u0357168.inf_amd64_74ad8cf0ece664a3\B357146\atiumd64.dll
0x00000000551f0000 - 0x000000005607e000 	C:\WINDOWS\System32\DriverStore\FileRepository\u0357168.inf_amd64_74ad8cf0ece664a3\B357146\atiumd6a.dll
0x00007ffa82ec0000 - 0x00007ffa82eef000 	C:\WINDOWS\SYSTEM32\amdihk64.dll
0x00007ffa4b1e0000 - 0x00007ffa4b260000 	C:\Program Files\Java\jdk-12.0.2\bin\freetype.dll
0x00007ffa3da70000 - 0x00007ffa3db1b000 	C:\Program Files\Java\jdk-12.0.2\bin\fontmanager.dll
0x00007ffa81300000 - 0x00007ffa8139e000 	C:\WINDOWS\System32\TextInputFramework.dll
0x00007ffa87f40000 - 0x00007ffa88014000 	C:\WINDOWS\System32\CoreMessaging.dll
0x00007ffa85d00000 - 0x00007ffa8602a000 	C:\WINDOWS\System32\CoreUIComponents.dll
0x00007ffa85a60000 - 0x00007ffa85bb3000 	C:\WINDOWS\SYSTEM32\wintypes.dll
0x00007ffa893a0000 - 0x00007ffa893d1000 	C:\WINDOWS\SYSTEM32\ntmarta.dll

dbghelp: loaded successfully - version: 4.0.5 - missing functions: none
symbol engine: initialized successfully - sym options: 0x614 - pdb path: .;C:\Program Files\Java\jdk-12.0.2\bin;C:\WINDOWS\SYSTEM32;C:\WINDOWS\WinSxS\amd64_microsoft.windows.common-controls_6595b64144ccf1df_6.0.18362.1256_none_9e7e379be45e40e2;C:\Program Files\Java\jdk-12.0.2\bin\server;C:\WINDOWS\System32\DriverStore\FileRepository\u0357168.inf_amd64_74ad8cf0ece664a3\B357146

VM Arguments:
jvm_args: -Dfile.encoding=Cp1252 
java_command: main.main
java_class_path (initial): C:\Users\Paul\Desktop\Java Workspace\main\bin
Launcher Type: SUN_STANDARD

[Global flags]
     intx CICompilerCount                          = 3                                         {product} {ergonomic}
     uint ConcGCThreads                            = 1                                         {product} {ergonomic}
     uint G1ConcRefinementThreads                  = 4                                         {product} {ergonomic}
   size_t G1HeapRegionSize                         = 1048576                                   {product} {ergonomic}
    uintx GCDrainStackTargetSize                   = 64                                        {product} {ergonomic}
   size_t InitialHeapSize                          = 134217728                                 {product} {ergonomic}
   size_t MarkStackSize                            = 4194304                                   {product} {ergonomic}
   size_t MaxHeapSize                              = 2139095040                                {product} {ergonomic}
   size_t MaxNewSize                               = 1283457024                                {product} {ergonomic}
   size_t MinHeapDeltaBytes                        = 1048576                                   {product} {ergonomic}
    uintx NonNMethodCodeHeapSize                   = 5830732                                {pd product} {ergonomic}
    uintx NonProfiledCodeHeapSize                  = 122913754                              {pd product} {ergonomic}
    uintx ProfiledCodeHeapSize                     = 122913754                              {pd product} {ergonomic}
    uintx ReservedCodeCacheSize                    = 251658240                              {pd product} {ergonomic}
     bool SegmentedCodeCache                       = true                                      {product} {ergonomic}
     bool UseCompressedClassPointers               = true                                 {lp64_product} {ergonomic}
     bool UseCompressedOops                        = true                                 {lp64_product} {ergonomic}
     bool UseG1GC                                  = true                                      {product} {ergonomic}
     bool UseLargePagesIndividualAllocation        = false                                  {pd product} {ergonomic}

Logging:
Log output configuration:
 #0: stdout all=warning uptime,level,tags
 #1: stderr all=off uptime,level,tags

Environment Variables:
PATH=C:/Program Files/Java/jdk-12.0.2/bin/server;C:/Program Files/Java/jdk-12.0.2/bin;C:\Program Files (x86)\NVIDIA Corporation\PhysX\Common;C:\Program Files (x86)\Common Files\Oracle\Java\javapath;C:\Program Files (x86)\Intel\Intel(R) Management Engine Components\iCLS\;C:\Program Files\Intel\Intel(R) Management Engine Components\iCLS\;C:\WINDOWS\system32;C:\WINDOWS;C:\WINDOWS\System32\Wbem;C:\WINDOWS\System32\WindowsPowerShell\v1.0\;C:\WINDOWS\System32\OpenSSH\;C:\Program Files (x86)\Intel\Intel(R) Management Engine Components\DAL;C:\Program Files\Intel\Intel(R) Management Engine Components\DAL;C:\Program Files (x86)\Java\jre1.8.0_221\bin\java.exe;C:\Program Files\Microsoft SQL Server\Client SDK\ODBC\110\Tools\Binn\;C:\Program Files (x86)\Microsoft SQL Server\120\Tools\Binn\;C:\Program Files\Microsoft SQL Server\120\Tools\Binn\;C:\Program Files\Microsoft SQL Server\120\DTS\Binn\;C:\Program Files (x86)\Windows Kits\8.1\Windows Performance Toolkit\;C:\Users\Paul\AppData\Local\Microsoft\WindowsApps;;C:\Users\Paul\Desktop;
USERNAME=Paul
OS=Windows_NT
PROCESSOR_IDENTIFIER=Intel64 Family 6 Model 158 Stepping 9, GenuineIntel



---------------  S Y S T E M  ---------------

OS: Windows 10 , 64 bit Build 18362 (10.0.18362.1110)

CPU:total 4 (initial active 4) (4 cores per cpu, 1 threads per core) family 6 model 158 stepping 9, cmov, cx8, fxsr, mmx, sse, sse2, sse3, ssse3, sse4.1, sse4.2, popcnt, avx, avx2, aes, clmul, erms, rtm, 3dnowpref, lzcnt, tsc, tscinvbit, bmi1, bmi2, adx, fma

Memory: 4k page, system-wide physical 8156M (419M free)
TotalPageFile size 32732M (AvailPageFile size 2M)
current process WorkingSet (physical memory assigned to process): 67M, peak: 67M
current process commit charge ("private bytes"): 218M, peak: 218M

vm_info: Java HotSpot(TM) 64-Bit Server VM (12.0.2+10) for windows-amd64 JRE (12.0.2+10), built on Jul 16 2019 01:56:17 by "mach5one" with MS VC++ 15.5 (VS2017)

END.
